<?xml version="1.0" encoding="UTF-8"?>
<testsuite xmlns:xsi="http://www.w3.org/2001/XMLSchema-instance" xsi:noNamespaceSchemaLocation="https://maven.apache.org/surefire/maven-surefire-plugin/xsd/surefire-test-report.xsd" name="TestSuite" time="41.431" tests="2" errors="0" skipped="0" failures="0">
  <properties>
    <property name="sun.desktop" value="windows"/>
    <property name="awt.toolkit" value="sun.awt.windows.WToolkit"/>
    <property name="file.encoding.pkg" value="sun.io"/>
    <property name="java.specification.version" value="1.8"/>
    <property name="sun.cpu.isalist" value="amd64"/>
    <property name="sun.jnu.encoding" value="Cp1255"/>
    <property name="java.class.path" value="C:\Automation\UnpplugedAutomation\target\test-classes;C:\Automation\UnpplugedAutomation\target\classes;C:\Users\andre\.m2\repository\org\testng\testng\7.5\testng-7.5.jar;C:\Users\andre\.m2\repository\com\google\code\findbugs\jsr305\3.0.1\jsr305-3.0.1.jar;C:\Users\andre\.m2\repository\com\beust\jcommander\1.78\jcommander-1.78.jar;C:\Users\andre\.m2\repository\org\webjars\jquery\3.5.1\jquery-3.5.1.jar;C:\Users\andre\.m2\repository\io\github\bonigarcia\webdrivermanager\5.0.2\webdrivermanager-5.0.2.jar;C:\Users\andre\.m2\repository\com\google\code\gson\gson\2.8.8\gson-2.8.8.jar;C:\Users\andre\.m2\repository\org\jsoup\jsoup\1.14.2\jsoup-1.14.2.jar;C:\Users\andre\.m2\repository\com\github\docker-java\docker-java\3.2.11\docker-java-3.2.11.jar;C:\Users\andre\.m2\repository\com\github\docker-java\docker-java-core\3.2.11\docker-java-core-3.2.11.jar;C:\Users\andre\.m2\repository\com\github\docker-java\docker-java-api\3.2.11\docker-java-api-3.2.11.jar;C:\Users\andre\.m2\repository\com\fasterxml\jackson\core\jackson-annotations\2.10.3\jackson-annotations-2.10.3.jar;C:\Users\andre\.m2\repository\commons-io\commons-io\2.6\commons-io-2.6.jar;C:\Users\andre\.m2\repository\org\apache\commons\commons-compress\1.20\commons-compress-1.20.jar;C:\Users\andre\.m2\repository\commons-lang\commons-lang\2.6\commons-lang-2.6.jar;C:\Users\andre\.m2\repository\com\fasterxml\jackson\core\jackson-databind\2.10.3\jackson-databind-2.10.3.jar;C:\Users\andre\.m2\repository\com\fasterxml\jackson\core\jackson-core\2.10.3\jackson-core-2.10.3.jar;C:\Users\andre\.m2\repository\org\bouncycastle\bcpkix-jdk15on\1.64\bcpkix-jdk15on-1.64.jar;C:\Users\andre\.m2\repository\org\bouncycastle\bcprov-jdk15on\1.64\bcprov-jdk15on-1.64.jar;C:\Users\andre\.m2\repository\org\slf4j\jcl-over-slf4j\1.7.30\jcl-over-slf4j-1.7.30.jar;C:\Users\andre\.m2\repository\com\github\docker-java\docker-java-transport-httpclient5\3.2.11\docker-java-transport-httpclient5-3.2.11.jar;C:\Users\andre\.m2\repository\com\github\docker-java\docker-java-transport\3.2.11\docker-java-transport-3.2.11.jar;C:\Users\andre\.m2\repository\org\apache\httpcomponents\client5\httpclient5\5.0.3\httpclient5-5.0.3.jar;C:\Users\andre\.m2\repository\org\apache\httpcomponents\core5\httpcore5\5.0.2\httpcore5-5.0.2.jar;C:\Users\andre\.m2\repository\commons-codec\commons-codec\1.13\commons-codec-1.13.jar;C:\Users\andre\.m2\repository\net\java\dev\jna\jna\5.8.0\jna-5.8.0.jar;C:\Users\andre\.m2\repository\com\google\guava\guava\30.1.1-jre\guava-30.1.1-jre.jar;C:\Users\andre\.m2\repository\com\google\guava\failureaccess\1.0.1\failureaccess-1.0.1.jar;C:\Users\andre\.m2\repository\com\google\guava\listenablefuture\9999.0-empty-to-avoid-conflict-with-guava\listenablefuture-9999.0-empty-to-avoid-conflict-with-guava.jar;C:\Users\andre\.m2\repository\org\checkerframework\checker-qual\3.8.0\checker-qual-3.8.0.jar;C:\Users\andre\.m2\repository\com\google\errorprone\error_prone_annotations\2.5.1\error_prone_annotations-2.5.1.jar;C:\Users\andre\.m2\repository\com\google\j2objc\j2objc-annotations\1.3\j2objc-annotations-1.3.jar;C:\Users\andre\.m2\repository\org\brotli\dec\0.1.2\dec-0.1.2.jar;C:\Users\andre\.m2\repository\com\experitest\appium\4.1.2\appium-4.1.2.jar;C:\Users\andre\.m2\repository\com\experitest\aspectjweaver\1.8.9\aspectjweaver-1.8.9.jar;C:\Users\andre\.m2\repository\com\experitest\boon\0.33\boon-0.33.jar;C:\Users\andre\.m2\repository\com\experitest\cglib-nodep\3.2.4\cglib-nodep-3.2.4.jar;C:\Users\andre\.m2\repository\com\experitest\commons-beanutils\1.9.2\commons-beanutils-1.9.2.jar;C:\Users\andre\.m2\repository\com\experitest\commons-codec\1.10\commons-codec-1.10.jar;C:\Users\andre\.m2\repository\com\experitest\commons-collections\3.2.2\commons-collections-3.2.2.jar;C:\Users\andre\.m2\repository\com\experitest\commons-digester\1.8.1\commons-digester-1.8.1.jar;C:\Users\andre\.m2\repository\com\experitest\commons-exec\1.3\commons-exec-1.3.jar;C:\Users\andre\.m2\repository\com\experitest\commons-io\2.4\commons-io-2.4.jar;C:\Users\andre\.m2\repository\com\experitest\commons-lang3\3.4\commons-lang3-3.4.jar;C:\Users\andre\.m2\repository\com\experitest\commons-logging\1.2\commons-logging-1.2.jar;C:\Users\andre\.m2\repository\com\experitest\commons-validator\1.5.1\commons-validator-1.5.1.jar;C:\Users\andre\.m2\repository\com\experitest\cssparser\0.9.18\cssparser-0.9.18.jar;C:\Users\andre\.m2\repository\com\experitest\gson\2.7\gson-2.7.jar;C:\Users\andre\.m2\repository\com\experitest\guava\19.0\guava-19.0.jar;C:\Users\andre\.m2\repository\com\experitest\hamcrest-core\1.3\hamcrest-core-1.3.jar;C:\Users\andre\.m2\repository\com\experitest\htmlunit\2.21\htmlunit-2.21.jar;C:\Users\andre\.m2\repository\com\experitest\htmlunit-core-js\2.17\htmlunit-core-js-2.17.jar;C:\Users\andre\.m2\repository\com\experitest\htmlunit-driver\2.21\htmlunit-driver-2.21.jar;C:\Users\andre\.m2\repository\com\experitest\httpclient\4.5.2\httpclient-4.5.2.jar;C:\Users\andre\.m2\repository\com\experitest\httpcore\4.4.4\httpcore-4.4.4.jar;C:\Users\andre\.m2\repository\com\experitest\httpmime\4.5.2\httpmime-4.5.2.jar;C:\Users\andre\.m2\repository\com\experitest\jetty-io\9.2.15.v20160210\jetty-io-9.2.15.v20160210.jar;C:\Users\andre\.m2\repository\com\experitest\jetty-util\9.2.15.v20160210\jetty-util-9.2.15.v20160210.jar;C:\Users\andre\.m2\repository\com\experitest\jna\4.1.0\jna-4.1.0.jar;C:\Users\andre\.m2\repository\com\experitest\jna-platform\4.1.0\jna-platform-4.1.0.jar;C:\Users\andre\.m2\repository\com\experitest\junit\4.12\junit-4.12.jar;C:\Users\andre\.m2\repository\com\experitest\neko-htmlunit\2.21\neko-htmlunit-2.21.jar;C:\Users\andre\.m2\repository\com\experitest\netty\3.5.7.Final\netty-3.5.7.Final.jar;C:\Users\andre\.m2\repository\com\experitest\sac\1.3\sac-1.3.jar;C:\Users\andre\.m2\repository\com\experitest\selenium-api\2.53.1\selenium-api-2.53.1.jar;C:\Users\andre\.m2\repository\com\experitest\selenium-chrome-driver\2.53.1\selenium-chrome-driver-2.53.1.jar;C:\Users\andre\.m2\repository\com\experitest\selenium-edge-driver\2.53.1\selenium-edge-driver-2.53.1.jar;C:\Users\andre\.m2\repository\com\experitest\selenium-firefox-driver\2.53.1\selenium-firefox-driver-2.53.1.jar;C:\Users\andre\.m2\repository\com\experitest\selenium-ie-driver\2.53.1\selenium-ie-driver-2.53.1.jar;C:\Users\andre\.m2\repository\com\experitest\selenium-java\2.53.1\selenium-java-2.53.1.jar;C:\Users\andre\.m2\repository\com\experitest\selenium-leg-rc\2.53.1\selenium-leg-rc-2.53.1.jar;C:\Users\andre\.m2\repository\com\experitest\selenium-remote-driver\2.53.1\selenium-remote-driver-2.53.1.jar;C:\Users\andre\.m2\repository\com\experitest\selenium-safari-driver\2.53.1\selenium-safari-driver-2.53.1.jar;C:\Users\andre\.m2\repository\com\experitest\selenium-support\2.53.1\selenium-support-2.53.1.jar;C:\Users\andre\.m2\repository\com\experitest\serializer\2.7.2\serializer-2.7.2.jar;C:\Users\andre\.m2\repository\com\experitest\spring-aop\4.3.2.RELEASE\spring-aop-4.3.2.RELEASE.jar;C:\Users\andre\.m2\repository\com\experitest\spring-beans\4.3.2.RELEASE\spring-beans-4.3.2.RELEASE.jar;C:\Users\andre\.m2\repository\com\experitest\spring-context\4.3.2.RELEASE\spring-context-4.3.2.RELEASE.jar;C:\Users\andre\.m2\repository\com\experitest\spring-core\4.3.2.RELEASE\spring-core-4.3.2.RELEASE.jar;C:\Users\andre\.m2\repository\com\experitest\spring-expression\4.3.2.RELEASE\spring-expression-4.3.2.RELEASE.jar;C:\Users\andre\.m2\repository\com\experitest\websocket-api\9.2.15.v20160210\websocket-api-9.2.15.v20160210.jar;C:\Users\andre\.m2\repository\com\experitest\websocket-client\9.2.15.v20160210\websocket-client-9.2.15.v20160210.jar;C:\Users\andre\.m2\repository\com\experitest\websocket-common\9.2.15.v20160210\websocket-common-9.2.15.v20160210.jar;C:\Users\andre\.m2\repository\com\experitest\ws-commons-util\1.0.2\ws-commons-util-1.0.2.jar;C:\Users\andre\.m2\repository\com\experitest\xalan\2.7.2\xalan-2.7.2.jar;C:\Users\andre\.m2\repository\com\experitest\xercesImpl\2.11.0\xercesImpl-2.11.0.jar;C:\Users\andre\.m2\repository\com\experitest\xml-apis\1.4.01\xml-apis-1.4.01.jar;C:\Users\andre\.m2\repository\com\experitest\xmlrpc-client\3.1.2\xmlrpc-client-3.1.2.jar;C:\Users\andre\.m2\repository\com\experitest\xmlrpc-common\3.1.2\xmlrpc-common-3.1.2.jar;C:\Users\andre\.m2\repository\org\slf4j\slf4j-api\1.7.35\slf4j-api-1.7.35.jar;C:\Users\andre\.m2\repository\org\slf4j\slf4j-simple\1.7.35\slf4j-simple-1.7.35.jar;C:\Users\andre\.m2\repository\dom4j\dom4j\1.1\dom4j-1.1.jar;C:\Users\andre\.m2\repository\io\qameta\allure\allure-testng\2.17.2\allure-testng-2.17.2.jar;C:\Users\andre\.m2\repository\io\qameta\allure\allure-java-commons\2.17.2\allure-java-commons-2.17.2.jar;C:\Users\andre\.m2\repository\io\qameta\allure\allure-model\2.17.2\allure-model-2.17.2.jar;C:\Users\andre\.m2\repository\io\qameta\allure\allure-test-filter\2.17.2\allure-test-filter-2.17.2.jar;C:\Users\andre\.m2\repository\org\aspectj\aspectjweaver\1.9.2\aspectjweaver-1.9.2.jar;"/>
    <property name="java.vm.vendor" value="Oracle Corporation"/>
    <property name="sun.arch.data.model" value="64"/>
    <property name="user.variant" value=""/>
    <property name="java.vendor.url" value="http://java.oracle.com/"/>
    <property name="user.timezone" value="Asia/Jerusalem"/>
    <property name="java.vm.specification.version" value="1.8"/>
    <property name="os.name" value="Windows 10"/>
    <property name="user.country" value="US"/>
    <property name="sun.java.launcher" value="SUN_STANDARD"/>
    <property name="sun.boot.library.path" value="C:\Program Files\Java\jdk1.8.0_211\jre\bin"/>
    <property name="sun.java.command" value="C:\Users\andre\AppData\Local\Temp\surefire4207325289856719550\surefirebooter4280684486429417510.jar C:\Users\andre\AppData\Local\Temp\surefire4207325289856719550 2022-03-20T13-01-41_436-jvmRun1 surefire246570269891900862tmp surefire_05866534280689256629tmp"/>
    <property name="surefire.test.class.path" value="C:\Automation\UnpplugedAutomation\target\test-classes;C:\Automation\UnpplugedAutomation\target\classes;C:\Users\andre\.m2\repository\org\testng\testng\7.5\testng-7.5.jar;C:\Users\andre\.m2\repository\com\google\code\findbugs\jsr305\3.0.1\jsr305-3.0.1.jar;C:\Users\andre\.m2\repository\com\beust\jcommander\1.78\jcommander-1.78.jar;C:\Users\andre\.m2\repository\org\webjars\jquery\3.5.1\jquery-3.5.1.jar;C:\Users\andre\.m2\repository\io\github\bonigarcia\webdrivermanager\5.0.2\webdrivermanager-5.0.2.jar;C:\Users\andre\.m2\repository\com\google\code\gson\gson\2.8.8\gson-2.8.8.jar;C:\Users\andre\.m2\repository\org\jsoup\jsoup\1.14.2\jsoup-1.14.2.jar;C:\Users\andre\.m2\repository\com\github\docker-java\docker-java\3.2.11\docker-java-3.2.11.jar;C:\Users\andre\.m2\repository\com\github\docker-java\docker-java-core\3.2.11\docker-java-core-3.2.11.jar;C:\Users\andre\.m2\repository\com\github\docker-java\docker-java-api\3.2.11\docker-java-api-3.2.11.jar;C:\Users\andre\.m2\repository\com\fasterxml\jackson\core\jackson-annotations\2.10.3\jackson-annotations-2.10.3.jar;C:\Users\andre\.m2\repository\commons-io\commons-io\2.6\commons-io-2.6.jar;C:\Users\andre\.m2\repository\org\apache\commons\commons-compress\1.20\commons-compress-1.20.jar;C:\Users\andre\.m2\repository\commons-lang\commons-lang\2.6\commons-lang-2.6.jar;C:\Users\andre\.m2\repository\com\fasterxml\jackson\core\jackson-databind\2.10.3\jackson-databind-2.10.3.jar;C:\Users\andre\.m2\repository\com\fasterxml\jackson\core\jackson-core\2.10.3\jackson-core-2.10.3.jar;C:\Users\andre\.m2\repository\org\bouncycastle\bcpkix-jdk15on\1.64\bcpkix-jdk15on-1.64.jar;C:\Users\andre\.m2\repository\org\bouncycastle\bcprov-jdk15on\1.64\bcprov-jdk15on-1.64.jar;C:\Users\andre\.m2\repository\org\slf4j\jcl-over-slf4j\1.7.30\jcl-over-slf4j-1.7.30.jar;C:\Users\andre\.m2\repository\com\github\docker-java\docker-java-transport-httpclient5\3.2.11\docker-java-transport-httpclient5-3.2.11.jar;C:\Users\andre\.m2\repository\com\github\docker-java\docker-java-transport\3.2.11\docker-java-transport-3.2.11.jar;C:\Users\andre\.m2\repository\org\apache\httpcomponents\client5\httpclient5\5.0.3\httpclient5-5.0.3.jar;C:\Users\andre\.m2\repository\org\apache\httpcomponents\core5\httpcore5\5.0.2\httpcore5-5.0.2.jar;C:\Users\andre\.m2\repository\commons-codec\commons-codec\1.13\commons-codec-1.13.jar;C:\Users\andre\.m2\repository\net\java\dev\jna\jna\5.8.0\jna-5.8.0.jar;C:\Users\andre\.m2\repository\com\google\guava\guava\30.1.1-jre\guava-30.1.1-jre.jar;C:\Users\andre\.m2\repository\com\google\guava\failureaccess\1.0.1\failureaccess-1.0.1.jar;C:\Users\andre\.m2\repository\com\google\guava\listenablefuture\9999.0-empty-to-avoid-conflict-with-guava\listenablefuture-9999.0-empty-to-avoid-conflict-with-guava.jar;C:\Users\andre\.m2\repository\org\checkerframework\checker-qual\3.8.0\checker-qual-3.8.0.jar;C:\Users\andre\.m2\repository\com\google\errorprone\error_prone_annotations\2.5.1\error_prone_annotations-2.5.1.jar;C:\Users\andre\.m2\repository\com\google\j2objc\j2objc-annotations\1.3\j2objc-annotations-1.3.jar;C:\Users\andre\.m2\repository\org\brotli\dec\0.1.2\dec-0.1.2.jar;C:\Users\andre\.m2\repository\com\experitest\appium\4.1.2\appium-4.1.2.jar;C:\Users\andre\.m2\repository\com\experitest\aspectjweaver\1.8.9\aspectjweaver-1.8.9.jar;C:\Users\andre\.m2\repository\com\experitest\boon\0.33\boon-0.33.jar;C:\Users\andre\.m2\repository\com\experitest\cglib-nodep\3.2.4\cglib-nodep-3.2.4.jar;C:\Users\andre\.m2\repository\com\experitest\commons-beanutils\1.9.2\commons-beanutils-1.9.2.jar;C:\Users\andre\.m2\repository\com\experitest\commons-codec\1.10\commons-codec-1.10.jar;C:\Users\andre\.m2\repository\com\experitest\commons-collections\3.2.2\commons-collections-3.2.2.jar;C:\Users\andre\.m2\repository\com\experitest\commons-digester\1.8.1\commons-digester-1.8.1.jar;C:\Users\andre\.m2\repository\com\experitest\commons-exec\1.3\commons-exec-1.3.jar;C:\Users\andre\.m2\repository\com\experitest\commons-io\2.4\commons-io-2.4.jar;C:\Users\andre\.m2\repository\com\experitest\commons-lang3\3.4\commons-lang3-3.4.jar;C:\Users\andre\.m2\repository\com\experitest\commons-logging\1.2\commons-logging-1.2.jar;C:\Users\andre\.m2\repository\com\experitest\commons-validator\1.5.1\commons-validator-1.5.1.jar;C:\Users\andre\.m2\repository\com\experitest\cssparser\0.9.18\cssparser-0.9.18.jar;C:\Users\andre\.m2\repository\com\experitest\gson\2.7\gson-2.7.jar;C:\Users\andre\.m2\repository\com\experitest\guava\19.0\guava-19.0.jar;C:\Users\andre\.m2\repository\com\experitest\hamcrest-core\1.3\hamcrest-core-1.3.jar;C:\Users\andre\.m2\repository\com\experitest\htmlunit\2.21\htmlunit-2.21.jar;C:\Users\andre\.m2\repository\com\experitest\htmlunit-core-js\2.17\htmlunit-core-js-2.17.jar;C:\Users\andre\.m2\repository\com\experitest\htmlunit-driver\2.21\htmlunit-driver-2.21.jar;C:\Users\andre\.m2\repository\com\experitest\httpclient\4.5.2\httpclient-4.5.2.jar;C:\Users\andre\.m2\repository\com\experitest\httpcore\4.4.4\httpcore-4.4.4.jar;C:\Users\andre\.m2\repository\com\experitest\httpmime\4.5.2\httpmime-4.5.2.jar;C:\Users\andre\.m2\repository\com\experitest\jetty-io\9.2.15.v20160210\jetty-io-9.2.15.v20160210.jar;C:\Users\andre\.m2\repository\com\experitest\jetty-util\9.2.15.v20160210\jetty-util-9.2.15.v20160210.jar;C:\Users\andre\.m2\repository\com\experitest\jna\4.1.0\jna-4.1.0.jar;C:\Users\andre\.m2\repository\com\experitest\jna-platform\4.1.0\jna-platform-4.1.0.jar;C:\Users\andre\.m2\repository\com\experitest\junit\4.12\junit-4.12.jar;C:\Users\andre\.m2\repository\com\experitest\neko-htmlunit\2.21\neko-htmlunit-2.21.jar;C:\Users\andre\.m2\repository\com\experitest\netty\3.5.7.Final\netty-3.5.7.Final.jar;C:\Users\andre\.m2\repository\com\experitest\sac\1.3\sac-1.3.jar;C:\Users\andre\.m2\repository\com\experitest\selenium-api\2.53.1\selenium-api-2.53.1.jar;C:\Users\andre\.m2\repository\com\experitest\selenium-chrome-driver\2.53.1\selenium-chrome-driver-2.53.1.jar;C:\Users\andre\.m2\repository\com\experitest\selenium-edge-driver\2.53.1\selenium-edge-driver-2.53.1.jar;C:\Users\andre\.m2\repository\com\experitest\selenium-firefox-driver\2.53.1\selenium-firefox-driver-2.53.1.jar;C:\Users\andre\.m2\repository\com\experitest\selenium-ie-driver\2.53.1\selenium-ie-driver-2.53.1.jar;C:\Users\andre\.m2\repository\com\experitest\selenium-java\2.53.1\selenium-java-2.53.1.jar;C:\Users\andre\.m2\repository\com\experitest\selenium-leg-rc\2.53.1\selenium-leg-rc-2.53.1.jar;C:\Users\andre\.m2\repository\com\experitest\selenium-remote-driver\2.53.1\selenium-remote-driver-2.53.1.jar;C:\Users\andre\.m2\repository\com\experitest\selenium-safari-driver\2.53.1\selenium-safari-driver-2.53.1.jar;C:\Users\andre\.m2\repository\com\experitest\selenium-support\2.53.1\selenium-support-2.53.1.jar;C:\Users\andre\.m2\repository\com\experitest\serializer\2.7.2\serializer-2.7.2.jar;C:\Users\andre\.m2\repository\com\experitest\spring-aop\4.3.2.RELEASE\spring-aop-4.3.2.RELEASE.jar;C:\Users\andre\.m2\repository\com\experitest\spring-beans\4.3.2.RELEASE\spring-beans-4.3.2.RELEASE.jar;C:\Users\andre\.m2\repository\com\experitest\spring-context\4.3.2.RELEASE\spring-context-4.3.2.RELEASE.jar;C:\Users\andre\.m2\repository\com\experitest\spring-core\4.3.2.RELEASE\spring-core-4.3.2.RELEASE.jar;C:\Users\andre\.m2\repository\com\experitest\spring-expression\4.3.2.RELEASE\spring-expression-4.3.2.RELEASE.jar;C:\Users\andre\.m2\repository\com\experitest\websocket-api\9.2.15.v20160210\websocket-api-9.2.15.v20160210.jar;C:\Users\andre\.m2\repository\com\experitest\websocket-client\9.2.15.v20160210\websocket-client-9.2.15.v20160210.jar;C:\Users\andre\.m2\repository\com\experitest\websocket-common\9.2.15.v20160210\websocket-common-9.2.15.v20160210.jar;C:\Users\andre\.m2\repository\com\experitest\ws-commons-util\1.0.2\ws-commons-util-1.0.2.jar;C:\Users\andre\.m2\repository\com\experitest\xalan\2.7.2\xalan-2.7.2.jar;C:\Users\andre\.m2\repository\com\experitest\xercesImpl\2.11.0\xercesImpl-2.11.0.jar;C:\Users\andre\.m2\repository\com\experitest\xml-apis\1.4.01\xml-apis-1.4.01.jar;C:\Users\andre\.m2\repository\com\experitest\xmlrpc-client\3.1.2\xmlrpc-client-3.1.2.jar;C:\Users\andre\.m2\repository\com\experitest\xmlrpc-common\3.1.2\xmlrpc-common-3.1.2.jar;C:\Users\andre\.m2\repository\org\slf4j\slf4j-api\1.7.35\slf4j-api-1.7.35.jar;C:\Users\andre\.m2\repository\org\slf4j\slf4j-simple\1.7.35\slf4j-simple-1.7.35.jar;C:\Users\andre\.m2\repository\dom4j\dom4j\1.1\dom4j-1.1.jar;C:\Users\andre\.m2\repository\io\qameta\allure\allure-testng\2.17.2\allure-testng-2.17.2.jar;C:\Users\andre\.m2\repository\io\qameta\allure\allure-java-commons\2.17.2\allure-java-commons-2.17.2.jar;C:\Users\andre\.m2\repository\io\qameta\allure\allure-model\2.17.2\allure-model-2.17.2.jar;C:\Users\andre\.m2\repository\io\qameta\allure\allure-test-filter\2.17.2\allure-test-filter-2.17.2.jar;C:\Users\andre\.m2\repository\org\aspectj\aspectjweaver\1.9.2\aspectjweaver-1.9.2.jar;"/>
    <property name="sun.cpu.endian" value="little"/>
    <property name="user.home" value="C:\Users\andre"/>
    <property name="user.language" value="en"/>
    <property name="java.specification.vendor" value="Oracle Corporation"/>
    <property name="java.home" value="C:\Program Files\Java\jdk1.8.0_211\jre"/>
    <property name="basedir" value="C:\Automation\UnpplugedAutomation"/>
    <property name="file.separator" value="\"/>
    <property name="line.separator" value="&#10;"/>
    <property name="java.vm.specification.vendor" value="Oracle Corporation"/>
    <property name="java.specification.name" value="Java Platform API Specification"/>
    <property name="java.awt.graphicsenv" value="sun.awt.Win32GraphicsEnvironment"/>
    <property name="surefire.real.class.path" value="C:\Users\andre\AppData\Local\Temp\surefire4207325289856719550\surefirebooter4280684486429417510.jar;C:\Users\andre\.m2\repository/org/aspectj/aspectjweaver/1.9.2/aspectjweaver-1.9.2.jar"/>
    <property name="sun.boot.class.path" value="C:\Program Files\Java\jdk1.8.0_211\jre\lib\resources.jar;C:\Program Files\Java\jdk1.8.0_211\jre\lib\rt.jar;C:\Program Files\Java\jdk1.8.0_211\jre\lib\sunrsasign.jar;C:\Program Files\Java\jdk1.8.0_211\jre\lib\jsse.jar;C:\Program Files\Java\jdk1.8.0_211\jre\lib\jce.jar;C:\Program Files\Java\jdk1.8.0_211\jre\lib\charsets.jar;C:\Program Files\Java\jdk1.8.0_211\jre\lib\jfr.jar;C:\Program Files\Java\jdk1.8.0_211\jre\classes"/>
    <property name="user.script" value=""/>
    <property name="sun.management.compiler" value="HotSpot 64-Bit Tiered Compilers"/>
    <property name="java.runtime.version" value="1.8.0_211-b12"/>
    <property name="user.name" value="Unplugged"/>
    <property name="path.separator" value=";"/>
    <property name="os.version" value="10.0"/>
    <property name="java.endorsed.dirs" value="C:\Program Files\Java\jdk1.8.0_211\jre\lib\endorsed"/>
    <property name="java.runtime.name" value="Java(TM) SE Runtime Environment"/>
    <property name="file.encoding" value="Cp1255"/>
    <property name="java.vm.name" value="Java HotSpot(TM) 64-Bit Server VM"/>
    <property name="localRepository" value="C:\Users\andre\.m2\repository"/>
    <property name="java.vendor.url.bug" value="http://bugreport.sun.com/bugreport/"/>
    <property name="java.io.tmpdir" value="C:\Users\andre\AppData\Local\Temp\"/>
    <property name="java.version" value="1.8.0_211"/>
    <property name="user.dir" value="C:\Automation\UnpplugedAutomation"/>
    <property name="os.arch" value="amd64"/>
    <property name="java.vm.specification.name" value="Java Virtual Machine Specification"/>
    <property name="java.awt.printerjob" value="sun.awt.windows.WPrinterJob"/>
    <property name="sun.os.patch.level" value=""/>
    <property name="java.library.path" value="C:\Program Files\Java\jdk1.8.0_211\jre\bin;C:\WINDOWS\Sun\Java\bin;C:\WINDOWS\system32;C:\WINDOWS;C:\Program Files (x86)\Common Files\Oracle\Java\javapath;C:\WINDOWS\system32;C:\WINDOWS;C:\WINDOWS\System32\Wbem;C:\WINDOWS\System32\WindowsPowerShell\v1.0\;C:\WINDOWS\System32\OpenSSH\;C:\Program Files\Git\cmd;C:\Automation\apache-maven-3.8.4\bin;C:\Users\andre\AppData\Local\Android\Sdk\platform-tools;C:\Users\andre\AppData\Local\Android\Sdk;C:\Users\andre\AppData\Local\Android\Sdk\tools;C:\Users\andre\AppData\Local\Android\Sdk\tools\bin;C:\ProgramData\Microsoft\Windows\Start Menu\Programs\Java;C:\Program Files\Java\jdk1.8.0_211;C:\Automation\allure-2.17.2 (1)\bin;C:\Program Files\Java\jdk1.8.0_211\bin;C:\Users\andre\AppData\Local\Microsoft\WindowsApps;;."/>
    <property name="java.vm.info" value="mixed mode"/>
    <property name="java.vendor" value="Oracle Corporation"/>
    <property name="java.vm.version" value="25.211-b12"/>
    <property name="java.ext.dirs" value="C:\Program Files\Java\jdk1.8.0_211\jre\lib\ext;C:\WINDOWS\Sun\Java\lib\ext"/>
    <property name="sun.io.unicode.encoding" value="UnicodeLittle"/>
    <property name="java.class.version" value="52.0"/>
  </properties>
  <testcase name="register_plus_email_and_phone" classname="sanitytest.UnpplugedDevEmulatore" time="15.262"/>
  <testcase name="subscription_year" classname="sanitytest.UnpplugedDevEmulatore" time="7.419"/>
</testsuite>