<?xml version="1.0" encoding="UTF-8"?>
<!-- Generated by org.testng.reporters.JUnitReportReporter -->
<testsuite skipped="0" hostname="DESKTOP-VAR54LN" name="sanitytest.UnpplugedDevEmulatore" tests="2" failures="0" timestamp="2022-03-20T13:02:24 IST" time="22.650" errors="0">
  <testcase name="subscription_year" time="7.417" classname="sanitytest.UnpplugedDevEmulatore"/>
  <system-out/>
  <testcase name="register_plus_email_and_phone" time="15.233" classname="sanitytest.UnpplugedDevEmulatore"/>
  <system-out/>
</testsuite> <!-- sanitytest.UnpplugedDevEmulatore -->
